running egg_info
creating ../../build/multi_net_bot/multi_net_bot.egg-info
writing ../../build/multi_net_bot/multi_net_bot.egg-info/PKG-INFO
writing dependency_links to ../../build/multi_net_bot/multi_net_bot.egg-info/dependency_links.txt
writing requirements to ../../build/multi_net_bot/multi_net_bot.egg-info/requires.txt
writing top-level names to ../../build/multi_net_bot/multi_net_bot.egg-info/top_level.txt
writing manifest file '../../build/multi_net_bot/multi_net_bot.egg-info/SOURCES.txt'
reading manifest file '../../build/multi_net_bot/multi_net_bot.egg-info/SOURCES.txt'
writing manifest file '../../build/multi_net_bot/multi_net_bot.egg-info/SOURCES.txt'
running build
running build_py
creating /home/indra/RESILIENT_MULTI_ROBOT_ROS2/build/multi_net_bot/build
creating /home/indra/RESILIENT_MULTI_ROBOT_ROS2/build/multi_net_bot/build/lib
creating /home/indra/RESILIENT_MULTI_ROBOT_ROS2/build/multi_net_bot/build/lib/multi_net_bot
copying multi_net_bot/__init__.py -> /home/indra/RESILIENT_MULTI_ROBOT_ROS2/build/multi_net_bot/build/lib/multi_net_bot
running install
running install_lib
creating /home/indra/RESILIENT_MULTI_ROBOT_ROS2/install/multi_net_bot/lib/python3.12/site-packages/multi_net_bot
copying /home/indra/RESILIENT_MULTI_ROBOT_ROS2/build/multi_net_bot/build/lib/multi_net_bot/__init__.py -> /home/indra/RESILIENT_MULTI_ROBOT_ROS2/install/multi_net_bot/lib/python3.12/site-packages/multi_net_bot
byte-compiling /home/indra/RESILIENT_MULTI_ROBOT_ROS2/install/multi_net_bot/lib/python3.12/site-packages/multi_net_bot/__init__.py to __init__.cpython-312.pyc
running install_data
creating /home/indra/RESILIENT_MULTI_ROBOT_ROS2/install/multi_net_bot/share/ament_index
creating /home/indra/RESILIENT_MULTI_ROBOT_ROS2/install/multi_net_bot/share/ament_index/resource_index
creating /home/indra/RESILIENT_MULTI_ROBOT_ROS2/install/multi_net_bot/share/ament_index/resource_index/packages
copying resource/multi_net_bot -> /home/indra/RESILIENT_MULTI_ROBOT_ROS2/install/multi_net_bot/share/ament_index/resource_index/packages
copying package.xml -> /home/indra/RESILIENT_MULTI_ROBOT_ROS2/install/multi_net_bot/share/multi_net_bot
running install_egg_info
Copying ../../build/multi_net_bot/multi_net_bot.egg-info to /home/indra/RESILIENT_MULTI_ROBOT_ROS2/install/multi_net_bot/lib/python3.12/site-packages/multi_net_bot-0.0.0-py3.12.egg-info
running install_scripts
writing list of installed files to '/home/indra/RESILIENT_MULTI_ROBOT_ROS2/build/multi_net_bot/install.log'
