[0.732s] Invoking command in '/home/indra/RESILIENT_MULTI_ROBOT_ROS2/src/multi_net_bot': DEBUGINFOD_URLS=https://debuginfod.ubuntu.com PYTHONPATH=/home/indra/RESILIENT_MULTI_ROBOT_ROS2/build/multi_net_bot/prefix_override:/usr/lib/python3/dist-packages/colcon_core/task/python/colcon_distutils_commands:/home/indra/RESILIENT_MULTI_ROBOT_ROS2/install/multi_net_bot/lib/python3.12/site-packages:${PYTHONPATH} /usr/bin/python3 -W ignore:setup.py install is deprecated -W ignore:easy_install command is deprecated setup.py egg_info --egg-base ../../build/multi_net_bot build --build-base /home/indra/RESILIENT_MULTI_ROBOT_ROS2/build/multi_net_bot/build install --record /home/indra/RESILIENT_MULTI_ROBOT_ROS2/build/multi_net_bot/install.log --single-version-externally-managed install_data
[0.949s] running egg_info
[0.949s] creating ../../build/multi_net_bot/multi_net_bot.egg-info
[0.963s] writing ../../build/multi_net_bot/multi_net_bot.egg-info/PKG-INFO
[0.964s] writing dependency_links to ../../build/multi_net_bot/multi_net_bot.egg-info/dependency_links.txt
[0.967s] writing requirements to ../../build/multi_net_bot/multi_net_bot.egg-info/requires.txt
[0.967s] writing top-level names to ../../build/multi_net_bot/multi_net_bot.egg-info/top_level.txt
[0.967s] writing manifest file '../../build/multi_net_bot/multi_net_bot.egg-info/SOURCES.txt'
[0.998s] reading manifest file '../../build/multi_net_bot/multi_net_bot.egg-info/SOURCES.txt'
[0.999s] writing manifest file '../../build/multi_net_bot/multi_net_bot.egg-info/SOURCES.txt'
[1.000s] running build
[1.000s] running build_py
[1.000s] creating /home/indra/RESILIENT_MULTI_ROBOT_ROS2/build/multi_net_bot/build
[1.001s] creating /home/indra/RESILIENT_MULTI_ROBOT_ROS2/build/multi_net_bot/build/lib
[1.001s] creating /home/indra/RESILIENT_MULTI_ROBOT_ROS2/build/multi_net_bot/build/lib/multi_net_bot
[1.001s] copying multi_net_bot/__init__.py -> /home/indra/RESILIENT_MULTI_ROBOT_ROS2/build/multi_net_bot/build/lib/multi_net_bot
[1.001s] running install
[1.006s] running install_lib
[1.020s] creating /home/indra/RESILIENT_MULTI_ROBOT_ROS2/install/multi_net_bot/lib/python3.12/site-packages/multi_net_bot
[1.020s] copying /home/indra/RESILIENT_MULTI_ROBOT_ROS2/build/multi_net_bot/build/lib/multi_net_bot/__init__.py -> /home/indra/RESILIENT_MULTI_ROBOT_ROS2/install/multi_net_bot/lib/python3.12/site-packages/multi_net_bot
[1.021s] byte-compiling /home/indra/RESILIENT_MULTI_ROBOT_ROS2/install/multi_net_bot/lib/python3.12/site-packages/multi_net_bot/__init__.py to __init__.cpython-312.pyc
[1.021s] running install_data
[1.022s] creating /home/indra/RESILIENT_MULTI_ROBOT_ROS2/install/multi_net_bot/share/ament_index
[1.022s] creating /home/indra/RESILIENT_MULTI_ROBOT_ROS2/install/multi_net_bot/share/ament_index/resource_index
[1.022s] creating /home/indra/RESILIENT_MULTI_ROBOT_ROS2/install/multi_net_bot/share/ament_index/resource_index/packages
[1.023s] copying resource/multi_net_bot -> /home/indra/RESILIENT_MULTI_ROBOT_ROS2/install/multi_net_bot/share/ament_index/resource_index/packages
[1.023s] copying package.xml -> /home/indra/RESILIENT_MULTI_ROBOT_ROS2/install/multi_net_bot/share/multi_net_bot
[1.023s] running install_egg_info
[1.039s] Copying ../../build/multi_net_bot/multi_net_bot.egg-info to /home/indra/RESILIENT_MULTI_ROBOT_ROS2/install/multi_net_bot/lib/python3.12/site-packages/multi_net_bot-0.0.0-py3.12.egg-info
[1.039s] running install_scripts
[1.159s] writing list of installed files to '/home/indra/RESILIENT_MULTI_ROBOT_ROS2/build/multi_net_bot/install.log'
[1.162s] Invoked command in '/home/indra/RESILIENT_MULTI_ROBOT_ROS2/src/multi_net_bot' returned '0': DEBUGINFOD_URLS=https://debuginfod.ubuntu.com PYTHONPATH=/home/indra/RESILIENT_MULTI_ROBOT_ROS2/build/multi_net_bot/prefix_override:/usr/lib/python3/dist-packages/colcon_core/task/python/colcon_distutils_commands:/home/indra/RESILIENT_MULTI_ROBOT_ROS2/install/multi_net_bot/lib/python3.12/site-packages:${PYTHONPATH} /usr/bin/python3 -W ignore:setup.py install is deprecated -W ignore:easy_install command is deprecated setup.py egg_info --egg-base ../../build/multi_net_bot build --build-base /home/indra/RESILIENT_MULTI_ROBOT_ROS2/build/multi_net_bot/build install --record /home/indra/RESILIENT_MULTI_ROBOT_ROS2/build/multi_net_bot/install.log --single-version-externally-managed install_data
